TimeWise/app/build/intermediates/manifest_merge_blame_file/debug/manifest-merger-blame-debug-report.txt
1<?xml version="1.0" encoding="utf-8"?>
2<manifest xmlns:android="http://schemas.android.com/apk/res/android"
3    package="com.example.timewise"
4    android:versionCode="1"
5    android:versionName="1.0" >
6
7    <uses-sdk
8        android:minSdkVersion="27"
8-->src\main\AndroidManifest.xml
9        android:targetSdkVersion="34" />
9-->src\main\AndroidManifest.xml
10
11    <uses-permission android:name="android.permission.INTERNET" />
11-->[com.google.firebase:firebase-auth:22.3.1] AndroidManifest.xml:25:5-67
11-->[com.google.firebase:firebase-auth:22.3.1] AndroidManifest.xml:25:22-64
12    <uses-permission android:name="android.permission.ACCESS_NETWORK_STATE" />
12-->[com.google.firebase:firebase-auth:22.3.1] AndroidManifest.xml:26:5-79
12-->[com.google.firebase:firebase-auth:22.3.1] AndroidManifest.xml:26:22-76
13    <uses-permission android:name="com.google.android.providers.gsf.permission.READ_GSERVICES" />
13-->[com.google.android.recaptcha:recaptcha:18.4.0] AndroidManifest.xml:9:5-98
13-->[com.google.android.recaptcha:recaptcha:18.4.0] AndroidManifest.xml:9:22-95
14
15    <permission
15-->[androidx.core:core:1.9.0] AndroidManifest.xml:22:5-24:47
16        android:name="com.example.timewise.DYNAMIC_RECEIVER_NOT_EXPORTED_PERMISSION"
16-->[androidx.core:core:1.9.0] AndroidManifest.xml:23:9-81
17        android:protectionLevel="signature" />
17-->[androidx.core:core:1.9.0] AndroidManifest.xml:24:9-44
18
19    <uses-permission android:name="com.example.timewise.DYNAMIC_RECEIVER_NOT_EXPORTED_PERMISSION" />
19-->[androidx.core:core:1.9.0] AndroidManifest.xml:26:5-97
19-->[androidx.core:core:1.9.0] AndroidManifest.xml:26:22-94
20
21    <application
21-->src\main\AndroidManifest.xml:5:5-62:19
22        android:allowBackup="true"
22-->src\main\AndroidManifest.xml:6:9-35
23        android:appComponentFactory="androidx.core.app.CoreComponentFactory"
23-->[androidx.core:core:1.9.0] AndroidManifest.xml:28:18-86
24        android:dataExtractionRules="@xml/data_extraction_rules"
24-->src\main\AndroidManifest.xml:7:9-65
25        android:debuggable="true"
26        android:extractNativeLibs="false"
27        android:fullBackupContent="@xml/backup_rules"
27-->src\main\AndroidManifest.xml:8:9-54
28        android:icon="@drawable/applogo"
28-->src\main\AndroidManifest.xml:9:9-41
29        android:label="@string/app_name"
29-->src\main\AndroidManifest.xml:10:9-41
30        android:supportsRtl="true"
30-->src\main\AndroidManifest.xml:11:9-35
31        android:theme="@style/Theme.TimeWise" >
31-->src\main\AndroidManifest.xml:12:9-46
32        <activity
32-->src\main\AndroidManifest.xml:14:9-16:40
33            android:name="com.example.timewise.Timer"
33-->src\main\AndroidManifest.xml:15:13-34
34            android:exported="false" />
34-->src\main\AndroidManifest.xml:16:13-37
35        <activity
35-->src\main\AndroidManifest.xml:17:9-19:40
36            android:name="com.example.timewise.GoalStats"
36-->src\main\AndroidManifest.xml:18:13-38
37            android:exported="false" />
37-->src\main\AndroidManifest.xml:19:13-37
38        <activity
38-->src\main\AndroidManifest.xml:20:9-22:40
39            android:name="com.example.timewise.Graph"
39-->src\main\AndroidManifest.xml:21:13-34
40            android:exported="false" />
40-->src\main\AndroidManifest.xml:22:13-37
41        <activity
41-->src\main\AndroidManifest.xml:23:9-25:40
42            android:name="com.example.timewise.AboutUs"
42-->src\main\AndroidManifest.xml:24:13-36
43            android:exported="false" />
43-->src\main\AndroidManifest.xml:25:13-37
44        <activity
44-->src\main\AndroidManifest.xml:26:9-28:40
45            android:name="com.example.timewise.MinMaxDailyGoals"
45-->src\main\AndroidManifest.xml:27:13-45
46            android:exported="false" />
46-->src\main\AndroidManifest.xml:28:13-37
47        <activity
47-->src\main\AndroidManifest.xml:29:9-31:40
48            android:name="com.example.timewise.TotalHours"
48-->src\main\AndroidManifest.xml:30:13-39
49            android:exported="false" />
49-->src\main\AndroidManifest.xml:31:13-37
50        <activity
50-->src\main\AndroidManifest.xml:32:9-34:40
51            android:name="com.example.timewise.ListOfEntries"
51-->src\main\AndroidManifest.xml:33:13-42
52            android:exported="false" />
52-->src\main\AndroidManifest.xml:34:13-37
53        <activity
53-->src\main\AndroidManifest.xml:35:9-37:40
54            android:name="com.example.timewise.MainMenu"
54-->src\main\AndroidManifest.xml:36:13-37
55            android:exported="false" />
55-->src\main\AndroidManifest.xml:37:13-37
56        <activity
56-->src\main\AndroidManifest.xml:38:9-40:40
57            android:name="com.example.timewise.Camera"
57-->src\main\AndroidManifest.xml:39:13-35
58            android:exported="false" />
58-->src\main\AndroidManifest.xml:40:13-37
59        <activity
59-->src\main\AndroidManifest.xml:41:9-43:40
60            android:name="com.example.timewise.HomeScreen"
60-->src\main\AndroidManifest.xml:42:13-39
61            android:exported="false" />
61-->src\main\AndroidManifest.xml:43:13-37
62        <activity
62-->src\main\AndroidManifest.xml:44:9-46:40
63            android:name="com.example.timewise.Register"
63-->src\main\AndroidManifest.xml:45:13-37
64            android:exported="false" />
64-->src\main\AndroidManifest.xml:46:13-37
65        <activity
65-->src\main\AndroidManifest.xml:47:9-49:40
66            android:name="com.example.timewise.Login"
66-->src\main\AndroidManifest.xml:48:13-34
67            android:exported="false" />
67-->src\main\AndroidManifest.xml:49:13-37
68        <activity
68-->src\main\AndroidManifest.xml:50:9-52:40
69            android:name="com.example.timewise.LoadingScreen"
69-->src\main\AndroidManifest.xml:51:13-42
70            android:exported="false" />
70-->src\main\AndroidManifest.xml:52:13-37
71        <activity
71-->src\main\AndroidManifest.xml:53:9-61:20
72            android:name="com.example.timewise.MainActivity"
72-->src\main\AndroidManifest.xml:54:13-41
73            android:exported="true" >
73-->src\main\AndroidManifest.xml:55:13-36
74            <intent-filter>
74-->src\main\AndroidManifest.xml:56:13-60:29
75                <action android:name="android.intent.action.MAIN" />
75-->src\main\AndroidManifest.xml:57:17-69
75-->src\main\AndroidManifest.xml:57:25-66
76
77                <category android:name="android.intent.category.LAUNCHER" />
77-->src\main\AndroidManifest.xml:59:17-77
77-->src\main\AndroidManifest.xml:59:27-74
78            </intent-filter>
79        </activity>
80
81        <service
81-->[com.google.firebase:firebase-database-ktx:20.3.1] AndroidManifest.xml:9:9-15:19
82            android:name="com.google.firebase.components.ComponentDiscoveryService"
82-->[com.google.firebase:firebase-database-ktx:20.3.1] AndroidManifest.xml:10:13-84
83            android:directBootAware="true"
83-->[com.google.firebase:firebase-common:20.4.2] AndroidManifest.xml:32:13-43
84            android:exported="false" >
84-->[com.google.firebase:firebase-database-ktx:20.3.1] AndroidManifest.xml:11:13-37
85            <meta-data
85-->[com.google.firebase:firebase-database-ktx:20.3.1] AndroidManifest.xml:12:13-14:85
86                android:name="com.google.firebase.components:com.google.firebase.database.ktx.FirebaseDatabaseLegacyRegistrar"
86-->[com.google.firebase:firebase-database-ktx:20.3.1] AndroidManifest.xml:13:17-127
87                android:value="com.google.firebase.components.ComponentRegistrar" />
87-->[com.google.firebase:firebase-database-ktx:20.3.1] AndroidManifest.xml:14:17-82
88            <meta-data
88-->[com.google.firebase:firebase-storage-ktx:20.3.0] AndroidManifest.xml:12:13-14:85
89                android:name="com.google.firebase.components:com.google.firebase.storage.ktx.FirebaseStorageLegacyRegistrar"
89-->[com.google.firebase:firebase-storage-ktx:20.3.0] AndroidManifest.xml:13:17-125
90                android:value="com.google.firebase.components.ComponentRegistrar" />
90-->[com.google.firebase:firebase-storage-ktx:20.3.0] AndroidManifest.xml:14:17-82
91            <meta-data
91-->[com.google.firebase:firebase-firestore-ktx:24.11.1] AndroidManifest.xml:12:13-14:85
92                android:name="com.google.firebase.components:com.google.firebase.firestore.ktx.FirebaseFirestoreLegacyRegistrar"
92-->[com.google.firebase:firebase-firestore-ktx:24.11.1] AndroidManifest.xml:13:17-129
93                android:value="com.google.firebase.components.ComponentRegistrar" />
93-->[com.google.firebase:firebase-firestore-ktx:24.11.1] AndroidManifest.xml:14:17-82
94            <meta-data
94-->[com.google.firebase:firebase-auth-ktx:22.3.1] AndroidManifest.xml:11:13-13:85
95                android:name="com.google.firebase.components:com.google.firebase.auth.ktx.FirebaseAuthLegacyRegistrar"
95-->[com.google.firebase:firebase-auth-ktx:22.3.1] AndroidManifest.xml:12:17-119
96                android:value="com.google.firebase.components.ComponentRegistrar" />
96-->[com.google.firebase:firebase-auth-ktx:22.3.1] AndroidManifest.xml:13:17-82
97            <meta-data
97-->[com.google.firebase:firebase-auth:22.3.1] AndroidManifest.xml:69:13-71:85
98                android:name="com.google.firebase.components:com.google.firebase.auth.FirebaseAuthRegistrar"
98-->[com.google.firebase:firebase-auth:22.3.1] AndroidManifest.xml:70:17-109
99                android:value="com.google.firebase.components.ComponentRegistrar" />
99-->[com.google.firebase:firebase-auth:22.3.1] AndroidManifest.xml:71:17-82
100            <meta-data
100-->[com.google.firebase:firebase-database:20.3.1] AndroidManifest.xml:29:13-31:85
101                android:name="com.google.firebase.components:com.google.firebase.database.FirebaseDatabaseKtxRegistrar"
101-->[com.google.firebase:firebase-database:20.3.1] AndroidManifest.xml:30:17-120
102                android:value="com.google.firebase.components.ComponentRegistrar" />
102-->[com.google.firebase:firebase-database:20.3.1] AndroidManifest.xml:31:17-82
103            <meta-data
103-->[com.google.firebase:firebase-database:20.3.1] AndroidManifest.xml:32:13-34:85
104                android:name="com.google.firebase.components:com.google.firebase.database.DatabaseRegistrar"
104-->[com.google.firebase:firebase-database:20.3.1] AndroidManifest.xml:33:17-109
105                android:value="com.google.firebase.components.ComponentRegistrar" />
105-->[com.google.firebase:firebase-database:20.3.1] AndroidManifest.xml:34:17-82
106            <meta-data
106-->[com.google.firebase:firebase-storage:20.3.0] AndroidManifest.xml:30:13-32:85
107                android:name="com.google.firebase.components:com.google.firebase.storage.FirebaseStorageKtxRegistrar"
107-->[com.google.firebase:firebase-storage:20.3.0] AndroidManifest.xml:31:17-118
108                android:value="com.google.firebase.components.ComponentRegistrar" />
108-->[com.google.firebase:firebase-storage:20.3.0] AndroidManifest.xml:32:17-82
109            <meta-data
109-->[com.google.firebase:firebase-storage:20.3.0] AndroidManifest.xml:33:13-35:85
110                android:name="com.google.firebase.components:com.google.firebase.storage.StorageRegistrar"
110-->[com.google.firebase:firebase-storage:20.3.0] AndroidManifest.xml:34:17-107
111                android:value="com.google.firebase.components.ComponentRegistrar" />
111-->[com.google.firebase:firebase-storage:20.3.0] AndroidManifest.xml:35:17-82
112            <meta-data
112-->[com.google.firebase:firebase-firestore:24.11.1] AndroidManifest.xml:17:13-19:85
113                android:name="com.google.firebase.components:com.google.firebase.firestore.FirebaseFirestoreKtxRegistrar"
113-->[com.google.firebase:firebase-firestore:24.11.1] AndroidManifest.xml:18:17-122
114                android:value="com.google.firebase.components.ComponentRegistrar" />
114-->[com.google.firebase:firebase-firestore:24.11.1] AndroidManifest.xml:19:17-82
115            <meta-data
115-->[com.google.firebase:firebase-firestore:24.11.1] AndroidManifest.xml:20:13-22:85
116                android:name="com.google.firebase.components:com.google.firebase.firestore.FirestoreRegistrar"
116-->[com.google.firebase:firebase-firestore:24.11.1] AndroidManifest.xml:21:17-111
117                android:value="com.google.firebase.components.ComponentRegistrar" />
117-->[com.google.firebase:firebase-firestore:24.11.1] AndroidManifest.xml:22:17-82
118            <meta-data
118-->[com.google.firebase:firebase-appcheck:17.1.0] AndroidManifest.xml:25:13-27:85
119                android:name="com.google.firebase.components:com.google.firebase.appcheck.FirebaseAppCheckKtxRegistrar"
119-->[com.google.firebase:firebase-appcheck:17.1.0] AndroidManifest.xml:26:17-120
120                android:value="com.google.firebase.components.ComponentRegistrar" />
120-->[com.google.firebase:firebase-appcheck:17.1.0] AndroidManifest.xml:27:17-82
121            <meta-data
121-->[com.google.firebase:firebase-appcheck:17.1.0] AndroidManifest.xml:28:13-30:85
122                android:name="com.google.firebase.components:com.google.firebase.appcheck.FirebaseAppCheckRegistrar"
122-->[com.google.firebase:firebase-appcheck:17.1.0] AndroidManifest.xml:29:17-117
123                android:value="com.google.firebase.components.ComponentRegistrar" />
123-->[com.google.firebase:firebase-appcheck:17.1.0] AndroidManifest.xml:30:17-82
124            <meta-data
124-->[com.google.firebase:firebase-common-ktx:20.4.2] AndroidManifest.xml:12:13-14:85
125                android:name="com.google.firebase.components:com.google.firebase.ktx.FirebaseCommonLegacyRegistrar"
125-->[com.google.firebase:firebase-common-ktx:20.4.2] AndroidManifest.xml:13:17-116
126                android:value="com.google.firebase.components.ComponentRegistrar" />
126-->[com.google.firebase:firebase-common-ktx:20.4.2] AndroidManifest.xml:14:17-82
127            <meta-data
127-->[com.google.firebase:firebase-common:20.4.2] AndroidManifest.xml:35:13-37:85
128                android:name="com.google.firebase.components:com.google.firebase.FirebaseCommonKtxRegistrar"
128-->[com.google.firebase:firebase-common:20.4.2] AndroidManifest.xml:36:17-109
129                android:value="com.google.firebase.components.ComponentRegistrar" />
129-->[com.google.firebase:firebase-common:20.4.2] AndroidManifest.xml:37:17-82
130        </service>
131
132        <activity
132-->[com.google.firebase:firebase-auth:22.3.1] AndroidManifest.xml:29:9-46:20
133            android:name="com.google.firebase.auth.internal.GenericIdpActivity"
133-->[com.google.firebase:firebase-auth:22.3.1] AndroidManifest.xml:30:13-80
134            android:excludeFromRecents="true"
134-->[com.google.firebase:firebase-auth:22.3.1] AndroidManifest.xml:31:13-46
135            android:exported="true"
135-->[com.google.firebase:firebase-auth:22.3.1] AndroidManifest.xml:32:13-36
136            android:launchMode="singleTask"
136-->[com.google.firebase:firebase-auth:22.3.1] AndroidManifest.xml:33:13-44
137            android:theme="@android:style/Theme.Translucent.NoTitleBar" >
137-->[com.google.firebase:firebase-auth:22.3.1] AndroidManifest.xml:34:13-72
138            <intent-filter>
138-->[com.google.firebase:firebase-auth:22.3.1] AndroidManifest.xml:35:13-45:29
139                <action android:name="android.intent.action.VIEW" />
139-->[com.google.firebase:firebase-auth:22.3.1] AndroidManifest.xml:36:17-69
139-->[com.google.firebase:firebase-auth:22.3.1] AndroidManifest.xml:36:25-66
140
141                <category android:name="android.intent.category.DEFAULT" />
141-->[com.google.firebase:firebase-auth:22.3.1] AndroidManifest.xml:38:17-76
141-->[com.google.firebase:firebase-auth:22.3.1] AndroidManifest.xml:38:27-73
142                <category android:name="android.intent.category.BROWSABLE" />
142-->[com.google.firebase:firebase-auth:22.3.1] AndroidManifest.xml:39:17-78
142-->[com.google.firebase:firebase-auth:22.3.1] AndroidManifest.xml:39:27-75
143
144                <data
144-->[com.google.firebase:firebase-auth:22.3.1] AndroidManifest.xml:41:17-44:51
145                    android:host="firebase.auth"
145-->[com.google.firebase:firebase-auth:22.3.1] AndroidManifest.xml:42:21-49
146                    android:path="/"
146-->[com.google.firebase:firebase-auth:22.3.1] AndroidManifest.xml:43:21-37
147                    android:scheme="genericidp" />
147-->[com.google.firebase:firebase-auth:22.3.1] AndroidManifest.xml:44:21-48
148            </intent-filter>
149        </activity>
150        <activity
150-->[com.google.firebase:firebase-auth:22.3.1] AndroidManifest.xml:47:9-64:20
151            android:name="com.google.firebase.auth.internal.RecaptchaActivity"
151-->[com.google.firebase:firebase-auth:22.3.1] AndroidManifest.xml:48:13-79
152            android:excludeFromRecents="true"
152-->[com.google.firebase:firebase-auth:22.3.1] AndroidManifest.xml:49:13-46
153            android:exported="true"
153-->[com.google.firebase:firebase-auth:22.3.1] AndroidManifest.xml:50:13-36
154            android:launchMode="singleTask"
154-->[com.google.firebase:firebase-auth:22.3.1] AndroidManifest.xml:51:13-44
155            android:theme="@android:style/Theme.Translucent.NoTitleBar" >
155-->[com.google.firebase:firebase-auth:22.3.1] AndroidManifest.xml:52:13-72
156            <intent-filter>
156-->[com.google.firebase:firebase-auth:22.3.1] AndroidManifest.xml:53:13-63:29
157                <action android:name="android.intent.action.VIEW" />
157-->[com.google.firebase:firebase-auth:22.3.1] AndroidManifest.xml:36:17-69
157-->[com.google.firebase:firebase-auth:22.3.1] AndroidManifest.xml:36:25-66
158
159                <category android:name="android.intent.category.DEFAULT" />
159-->[com.google.firebase:firebase-auth:22.3.1] AndroidManifest.xml:38:17-76
159-->[com.google.firebase:firebase-auth:22.3.1] AndroidManifest.xml:38:27-73
160                <category android:name="android.intent.category.BROWSABLE" />
160-->[com.google.firebase:firebase-auth:22.3.1] AndroidManifest.xml:39:17-78
160-->[com.google.firebase:firebase-auth:22.3.1] AndroidManifest.xml:39:27-75
161
162                <data
162-->[com.google.firebase:firebase-auth:22.3.1] AndroidManifest.xml:41:17-44:51
163                    android:host="firebase.auth"
163-->[com.google.firebase:firebase-auth:22.3.1] AndroidManifest.xml:42:21-49
164                    android:path="/"
164-->[com.google.firebase:firebase-auth:22.3.1] AndroidManifest.xml:43:21-37
165                    android:scheme="recaptcha" />
165-->[com.google.firebase:firebase-auth:22.3.1] AndroidManifest.xml:44:21-48
166            </intent-filter>
167        </activity>
168
169        <provider
169-->[com.google.firebase:firebase-common:20.4.2] AndroidManifest.xml:23:9-28:39
170            android:name="com.google.firebase.provider.FirebaseInitProvider"
170-->[com.google.firebase:firebase-common:20.4.2] AndroidManifest.xml:24:13-77
171            android:authorities="com.example.timewise.firebaseinitprovider"
171-->[com.google.firebase:firebase-common:20.4.2] AndroidManifest.xml:25:13-72
172            android:directBootAware="true"
172-->[com.google.firebase:firebase-common:20.4.2] AndroidManifest.xml:26:13-43
173            android:exported="false"
173-->[com.google.firebase:firebase-common:20.4.2] AndroidManifest.xml:27:13-37
174            android:initOrder="100" />
174-->[com.google.firebase:firebase-common:20.4.2] AndroidManifest.xml:28:13-36
175
176        <activity
176-->[com.google.android.gms:play-services-base:18.1.0] AndroidManifest.xml:20:9-22:45
177            android:name="com.google.android.gms.common.api.GoogleApiActivity"
177-->[com.google.android.gms:play-services-base:18.1.0] AndroidManifest.xml:20:19-85
178            android:exported="false"
178-->[com.google.android.gms:play-services-base:18.1.0] AndroidManifest.xml:22:19-43
179            android:theme="@android:style/Theme.Translucent.NoTitleBar" />
179-->[com.google.android.gms:play-services-base:18.1.0] AndroidManifest.xml:21:19-78
180
181        <meta-data
181-->[com.google.android.gms:play-services-basement:18.3.0] AndroidManifest.xml:21:9-23:69
182            android:name="com.google.android.gms.version"
182-->[com.google.android.gms:play-services-basement:18.3.0] AndroidManifest.xml:22:13-58
183            android:value="@integer/google_play_services_version" />
183-->[com.google.android.gms:play-services-basement:18.3.0] AndroidManifest.xml:23:13-66
184
185        <provider
185-->[androidx.emoji2:emoji2:1.2.0] AndroidManifest.xml:24:9-32:20
186            android:name="androidx.startup.InitializationProvider"
186-->[androidx.emoji2:emoji2:1.2.0] AndroidManifest.xml:25:13-67
187            android:authorities="com.example.timewise.androidx-startup"
187-->[androidx.emoji2:emoji2:1.2.0] AndroidManifest.xml:26:13-68
188            android:exported="false" >
188-->[androidx.emoji2:emoji2:1.2.0] AndroidManifest.xml:27:13-37
189            <meta-data
189-->[androidx.emoji2:emoji2:1.2.0] AndroidManifest.xml:29:13-31:52
190                android:name="androidx.emoji2.text.EmojiCompatInitializer"
190-->[androidx.emoji2:emoji2:1.2.0] AndroidManifest.xml:30:17-75
191                android:value="androidx.startup" />
191-->[androidx.emoji2:emoji2:1.2.0] AndroidManifest.xml:31:17-49
192            <meta-data
192-->[androidx.lifecycle:lifecycle-process:2.6.1] AndroidManifest.xml:29:13-31:52
193                android:name="androidx.lifecycle.ProcessLifecycleInitializer"
193-->[androidx.lifecycle:lifecycle-process:2.6.1] AndroidManifest.xml:30:17-78
194                android:value="androidx.startup" />
194-->[androidx.lifecycle:lifecycle-process:2.6.1] AndroidManifest.xml:31:17-49
195            <meta-data
195-->[androidx.profileinstaller:profileinstaller:1.3.0] AndroidManifest.xml:29:13-31:52
196                android:name="androidx.profileinstaller.ProfileInstallerInitializer"
196-->[androidx.profileinstaller:profileinstaller:1.3.0] AndroidManifest.xml:30:17-85
197                android:value="androidx.startup" />
197-->[androidx.profileinstaller:profileinstaller:1.3.0] AndroidManifest.xml:31:17-49
198        </provider>
199
200        <receiver
200-->[androidx.profileinstaller:profileinstaller:1.3.0] AndroidManifest.xml:34:9-52:20
201            android:name="androidx.profileinstaller.ProfileInstallReceiver"
201-->[androidx.profileinstaller:profileinstaller:1.3.0] AndroidManifest.xml:35:13-76
202            android:directBootAware="false"
202-->[androidx.profileinstaller:profileinstaller:1.3.0] AndroidManifest.xml:36:13-44
203            android:enabled="true"
203-->[androidx.profileinstaller:profileinstaller:1.3.0] AndroidManifest.xml:37:13-35
204            android:exported="true"
204-->[androidx.profileinstaller:profileinstaller:1.3.0] AndroidManifest.xml:38:13-36
205            android:permission="android.permission.DUMP" >
205-->[androidx.profileinstaller:profileinstaller:1.3.0] AndroidManifest.xml:39:13-57
206            <intent-filter>
206-->[androidx.profileinstaller:profileinstaller:1.3.0] AndroidManifest.xml:40:13-42:29
207                <action android:name="androidx.profileinstaller.action.INSTALL_PROFILE" />
207-->[androidx.profileinstaller:profileinstaller:1.3.0] AndroidManifest.xml:41:17-91
207-->[androidx.profileinstaller:profileinstaller:1.3.0] AndroidManifest.xml:41:25-88
208            </intent-filter>
209            <intent-filter>
209-->[androidx.profileinstaller:profileinstaller:1.3.0] AndroidManifest.xml:43:13-45:29
210                <action android:name="androidx.profileinstaller.action.SKIP_FILE" />
210-->[androidx.profileinstaller:profileinstaller:1.3.0] AndroidManifest.xml:44:17-85
210-->[androidx.profileinstaller:profileinstaller:1.3.0] AndroidManifest.xml:44:25-82
211            </intent-filter>
212            <intent-filter>
212-->[androidx.profileinstaller:profileinstaller:1.3.0] AndroidManifest.xml:46:13-48:29
213                <action android:name="androidx.profileinstaller.action.SAVE_PROFILE" />
213-->[androidx.profileinstaller:profileinstaller:1.3.0] AndroidManifest.xml:47:17-88
213-->[androidx.profileinstaller:profileinstaller:1.3.0] AndroidManifest.xml:47:25-85
214            </intent-filter>
215            <intent-filter>
215-->[androidx.profileinstaller:profileinstaller:1.3.0] AndroidManifest.xml:49:13-51:29
216                <action android:name="androidx.profileinstaller.action.BENCHMARK_OPERATION" />
216-->[androidx.profileinstaller:profileinstaller:1.3.0] AndroidManifest.xml:50:17-95
216-->[androidx.profileinstaller:profileinstaller:1.3.0] AndroidManifest.xml:50:25-92
217            </intent-filter>
218        </receiver>
219    </application>
220
221</manifest>